🚀 涨停板全景看板 - 数据采集开始

📊 获取市场涨跌分布...
📈 获取涨停板候选股票（宽网）...
  候选股票共 71 只（含ST/北交所），待精确验证
  找到 71 只涨停板股票

💡 获取推荐概念板块 AB对比版...
🔥 获取热门板块...
  电力: 成份股102只，截取前100只
💹 获取100只股票行情...
📉 获取50只股票dayK线...
📉 获取50只股票weekK线...
  电力: 50只候选 → 严格3只 / 备选6只(原6)
  半导体: 成份股177只，截取前100只
💹 获取100只股票行情...
📉 获取50只股票dayK线...
📉 获取50只股票weekK线...
  半导体: 47只候选 → 严格1只 / 备选6只(原6)
💹 获取25只股票行情...
📉 获取19只股票dayK线...
📉 获取19只股票weekK线...
  昨日连板: 19只候选 → 严格0只 / 备选6只(原6)
  电网设备: 成份股138只，截取前100只
💹 获取100只股票行情...
📉 获取50只股票dayK线...
📉 获取50只股票weekK线...
  电网设备: 48只候选 → 严格3只 / 备选4只(原6)
💹 获取88只股票行情...
📉 获取50只股票dayK线...
📉 获取50只股票weekK线...
  通信设备: 50只候选 → 严格6只 / 备选3只(原6)
  存储器: 成份股179只，截取前100只
💹 获取100只股票行情...
📉 获取50只股票dayK线...
📉 获取50只股票weekK线...
  存储器: 48只候选 → 严格3只 / 备选6只(原6)
💹 获取70只股票行情...
📉 获取50只股票dayK线...
📉 获取50只股票weekK线...
  光伏设备: 50只候选 → 严格1只 / 备选5只(原6)
  推荐概念板块: 严格6个 / 备选7个
💹 获取71只股票行情...
🏢 获取71只股票简况...
💰 获取71只股票资金流向...
📉 获取71只股票dayK线...
📊 获取板块涨幅排行...
🐯 获取龙虎榜...
🔬 综合分析数据...
  候选 71 只 → 验证通过 23 只，排除 48 只
    ❌ sh688361 中科飞测: 未封涨停(价253.8 < 涨停价264.6, 涨幅15.10%)
    ❌ sh688584 上海合晶: 未封涨停(价30.01 < 涨停价32.16, 涨幅11.98%)
    ❌ sz301373 凌玮科技: 未封涨停(价141 < 涨停价149.04, 涨幅13.53%)
    ❌ sz300222 科大智能: 未封涨停(价15.65 < 涨停价16.85, 涨幅11.47%)
    ❌ sz002272 川润股份: 未封涨停(价24.13 < 涨停价24.94, 涨幅6.44%)
    ❌ sz300873 海晨股份: 未封涨停(价23.16 < 涨停价25.56, 涨幅8.73%)
    ❌ sh688368 晶丰明源: 未封涨停(价211.71 < 涨停价232.98, 涨幅9.04%)
    ❌ sh688720 艾森股份: 未封涨停(价104.8 < 涨停价117.64, 涨幅6.91%)
    ❌ sz003043 华亚智能: 未封涨停(价68.31 < 涨停价69.51, 涨幅8.10%)
    ❌ sh688796 百奥赛图: 未封涨停(价99.61 < 涨停价113.86, 涨幅4.99%)
    ... 还有 38 只被排除

🔍 检测 52 只推荐股票的利空公告...
  ✅ 未发现利空公告

💾 数据已保存: C:\Users\Administrator\WorkBuddy\zt-dashboard-build\data.json
  ✅ Excel已导出: C:/Users/Administrator/Desktop/推荐股票.xlsx

✅ 看板已生成: C:\Users\Administrator\WorkBuddy\zt-dashboard-build\index.html
⏱️ 总耗时: 291.5s
📊 涨停: 23只（候选71只→验证23只） | 连板最高: 5板
