🚀 涨停板全景看板 - 数据采集开始

📊 获取市场涨跌分布...
📈 获取涨停板候选股票（宽网）...
  候选股票共 193 只（含ST/北交所），待精确验证
  找到 193 只涨停板股票

💡 获取推荐概念板块 AB对比版...
🔥 获取热门板块...
  半导体: 成份股177只，截取前100只
💹 获取100只股票行情...
📉 获取50只股票dayK线...
📉 获取50只股票weekK线...
  半导体: 42只候选 → 严格6只 / 备选5只(原6)
  电力: 成份股102只，截取前100只
💹 获取100只股票行情...
📉 获取50只股票dayK线...
📉 获取50只股票weekK线...
  电力: 42只候选 → 严格2只 / 备选6只(原6)
  存储器: 成份股179只，截取前100只
💹 获取100只股票行情...
📉 获取50只股票dayK线...
📉 获取50只股票weekK线...
  存储器: 40只候选 → 严格3只 / 备选6只(原6)
  电池: 成份股109只，截取前100只
💹 获取100只股票行情...
📉 获取50只股票dayK线...
📉 获取50只股票weekK线...
  电池: 48只候选 → 严格4只 / 备选4只(原6)
💹 获取70只股票行情...
📉 获取50只股票dayK线...
📉 获取50只股票weekK线...
  光伏设备: 50只候选 → 严格1只 / 备选5只(原6)
  电网设备: 成份股138只，截取前100只
💹 获取100只股票行情...
📉 获取50只股票dayK线...
📉 获取50只股票weekK线...
  电网设备: 50只候选 → 严格3只 / 备选4只(原6)
  推荐概念板块: 严格6个 / 备选6个
💹 获取193只股票行情...
🏢 获取193只股票简况...
💰 获取193只股票资金流向...
📉 获取193只股票dayK线...
📊 获取板块涨幅排行...
🐯 获取龙虎榜...
🔬 综合分析数据...
  候选 193 只 → 验证通过 61 只，排除 132 只
    ❌ sh688347 华虹公司: 未封涨停(价177.8 < 涨停价179.69, 涨幅18.74%)
    ❌ sh688361 中科飞测: 未封涨停(价258.94 < 涨停价264.6, 涨幅17.43%)
    ❌ sh688133 泰坦科技: 未封涨停(价27.25 < 涨停价27.94, 涨幅17.05%)
    ❌ sz300715 凯伦股份: 未封涨停(价19.39 < 涨停价20.16, 涨幅15.42%)
    ❌ sz001393 C维通利: 新股(C维通利)首日无涨跌幅限制
    ❌ sz300174 元力股份: 未封涨停(价20.32 < 涨停价21.31, 涨幅14.41%)
    ❌ sh688072 拓荆科技: 未封涨停(价634.88 < 涨停价665.92, 涨幅14.41%)
    ❌ sz301319 唯特偶: 未封涨停(价133.91 < 涨停价141.24, 涨幅13.77%)
    ❌ sz301599 理奇智能: 未封涨停(价79.5 < 涨停价84.36, 涨幅13.09%)
    ❌ sz301018 申菱环境: 未封涨停(价163.22 < 涨停价173.23, 涨幅13.06%)
    ... 还有 122 只被排除

🔍 检测 48 只推荐股票的利空公告...
  ✅ 未发现利空公告

💾 数据已保存: C:\Users\Administrator\WorkBuddy\zt-dashboard-build\data.json
  ✅ Excel已导出: C:/Users/Administrator/Desktop/推荐股票.xlsx

✅ 看板已生成: C:\Users\Administrator\WorkBuddy\zt-dashboard-build\index.html
⏱️ 总耗时: 526.0s
📊 涨停: 61只（候选193只→验证61只） | 连板最高: 7板
